c:\users\elson\documents\visual studio 2017\projects\n2-engine\n2\debug\n2.pdb
c:\users\elson\documents\visual studio 2017\projects\n2-engine\n2\debug\n2.idb
c:\users\elson\documents\visual studio 2017\projects\n2-engine\n2\debug\vector3.obj
c:\users\elson\documents\visual studio 2017\projects\n2-engine\n2\debug\timer.obj
c:\users\elson\documents\visual studio 2017\projects\n2-engine\n2\debug\mtx44.obj
c:\users\elson\documents\visual studio 2017\projects\n2-engine\n2\debug\memoryleak.obj
c:\users\elson\documents\visual studio 2017\projects\n2-engine\n2\debug\memoryalloc.obj
c:\users\elson\documents\visual studio 2017\projects\n2-engine\n2\debug\matrixstack.obj
c:\users\elson\documents\visual studio 2017\projects\n2-engine\n2\debug\main.obj
c:\users\elson\documents\visual studio 2017\projects\n2-engine\n2\debug\shaderprogram.obj
c:\users\elson\documents\visual studio 2017\projects\n2-engine\n2\debug\application.obj
c:\users\elson\documents\visual studio 2017\projects\n2-engine\debug\n2.lib
c:\users\elson\documents\visual studio 2017\projects\n2-engine\n2\debug\camera.obj
c:\users\elson\documents\visual studio 2017\projects\n2-engine\debug\n2.pdb
c:\users\elson\documents\visual studio 2017\projects\n2-engine\n2\debug\n2.tlog\cl.command.1.tlog
c:\users\elson\documents\visual studio 2017\projects\n2-engine\n2\debug\n2.tlog\cl.read.1.tlog
c:\users\elson\documents\visual studio 2017\projects\n2-engine\n2\debug\n2.tlog\cl.write.1.tlog
c:\users\elson\documents\visual studio 2017\projects\n2-engine\n2\debug\n2.tlog\lib-link.read.1.tlog
c:\users\elson\documents\visual studio 2017\projects\n2-engine\n2\debug\n2.tlog\lib-link.write.1.tlog
c:\users\elson\documents\visual studio 2017\projects\n2-engine\n2\debug\n2.tlog\lib.command.1.tlog
